C51 COMPILER V9.54   MAIN                                                                  12/17/2021 11:36:02 PAGE 1   


C51 COMPILER V9.54, COMPILATION OF MODULE MAIN
OBJECT MODULE PLACED IN .\Objects\main.obj
COMPILER INVOKED BY: E:\keil5\C51\BIN\C51.EXE main.c OPTIMIZE(8,SPEED) BROWSE DEBUG OBJECTEXTEND PRINT(.\Listings\main.l
                    -st) TABS(2) OBJECT(.\Objects\main.obj)

line level    source

   1          #include <REGX52.H>
   2          void Delay1ms(unsigned int xms)   //@12.000MHz
   3          {
   4   1        unsigned char i, j;
   5   1      
   6   1        while(xms)
   7   1        {
   8   2          i = 2;
   9   2        j = 239;
  10   2        do
  11   2        {
  12   3          while (--j);
  13   3        } while (--i);
  14   2          xms--;
  15   2        }
  16   1        i = 2;
  17   1        j = 239;
  18   1        do
  19   1        {
  20   2          while (--j);
  21   2        } while (--i);
  22   1      }
  23          
  24          
  25          void main()
  26          {
  27   1        while(1)
  28   1        {
  29   2          P2=0xFE;//1111 1110
  30   2          Delay1ms(1000);
  31   2          P2=0xFD;//1111 1101
  32   2          Delay1ms(1000);
  33   2          P2=0xFB;//1111 1011
  34   2          Delay1ms(100);
  35   2          P2=0xF7;//1111 0111
  36   2          Delay1ms(100);
  37   2          P2=0xEF;//1110 1111
  38   2          Delay1ms(100);
  39   2          P2=0xDE;//1101 1111
  40   2          Delay1ms(100);
  41   2          P2=0xBE;//1011 1111
  42   2          Delay1ms(100);
  43   2          P2=0x7E;//0111 1111
  44   2          Delay1ms(100);
  45   2        }
  46   1      }


MODULE INFORMATION:   STATIC OVERLAYABLE
   CODE SIZE        =     90    ----
   CONSTANT SIZE    =   ----    ----
   XDATA SIZE       =   ----    ----
   PDATA SIZE       =   ----    ----
   DATA SIZE        =   ----    ----
C51 COMPILER V9.54   MAIN                                                                  12/17/2021 11:36:02 PAGE 2   

   IDATA SIZE       =   ----    ----
   BIT SIZE         =   ----    ----
END OF MODULE INFORMATION.


C51 COMPILATION COMPLETE.  0 WARNING(S),  0 ERROR(S)
