C51 COMPILER V9.54   MAIN                                                                  12/18/2021 17:18:10 PAGE 1   


C51 COMPILER V9.54, COMPILATION OF MODULE MAIN
OBJECT MODULE PLACED IN .\Objects\main.obj
COMPILER INVOKED BY: E:\keil5\C51\BIN\C51.EXE main.c OPTIMIZE(8,SPEED) BROWSE DEBUG OBJECTEXTEND PRINT(.\Listings\main.l
                    -st) TABS(2) OBJECT(.\Objects\main.obj)

line level    source

   1          #include <REGX52.H>
   2          #include "LCD1602.H"
   3          #include "Delay.H"
*** WARNING C318 IN LINE 3 OF main.c: can't open file 'Delay.H'
   4          int Result=0;
   5          void main()
   6          {
   7   1        LCD_Init();
   8   1        //LCD_ShowString(1,1,"Next project:");
   9   1        //LCD_ShowString(2,1,"HoloCubic");
  10   1        while(1)
  11   1        {
  12   2          Result++;
  13   2          Delay(1000);
*** WARNING C206 IN LINE 13 OF main.c: 'Delay': missing function-prototype
*** ERROR C267 IN LINE 13 OF main.c: 'Delay': requires ANSI-style prototype
  14   2          LCD_ShowNum(1,1,Result,3);
  15   2        }
  16   1      }

C51 COMPILATION COMPLETE.  2 WARNING(S),  1 ERROR(S)
