C51 COMPILER V9.54   MAIN                                                                  12/17/2021 23:32:02 PAGE 1   


C51 COMPILER V9.54, COMPILATION OF MODULE MAIN
OBJECT MODULE PLACED IN .\Objects\main.obj
COMPILER INVOKED BY: E:\keil5\C51\BIN\C51.EXE main.c OPTIMIZE(8,SPEED) BROWSE DEBUG OBJECTEXTEND PRINT(.\Listings\main.l
                    -st) TABS(2) OBJECT(.\Objects\main.obj)

line level    source

   1          #include <REGX52.H>
   2          #include "Delay.H"
   3          void main()
   4          {
   5   1        while(1)
   6   1        {
   7   2          Nixie(1,1);
*** WARNING C206 IN LINE 7 OF main.c: 'Nixie': missing function-prototype
*** ERROR C267 IN LINE 7 OF main.c: 'Nixie': requires ANSI-style prototype
   8   2          Delay(200);
   9   2          Nixie(2,2);
  10   2          Delay(200);
  11   2          Nixie(3,3);
  12   2          Delay(200);
  13   2        }
  14   1      }

C51 COMPILATION COMPLETE.  1 WARNING(S),  1 ERROR(S)
