C51 COMPILER V9.54   MAIIN                                                                 12/17/2021 22:36:14 PAGE 1   


C51 COMPILER V9.54, COMPILATION OF MODULE MAIIN
OBJECT MODULE PLACED IN .\Objects\maiin.obj
COMPILER INVOKED BY: E:\keil5\C51\BIN\C51.EXE maiin.c OPTIMIZE(8,SPEED) BROWSE DEBUG OBJECTEXTEND PRINT(.\Listings\maiin
                    -.lst) TABS(2) OBJECT(.\Objects\maiin.obj)

line level    source

   1          #include <REGX52.H>
   2          
   3          unsigned char LEDNum;
   4          void Delay(unsigned int xms)    
   5          {
   6   1        unsigned char i, j;
   7   1        while(xms--)
   8   1        {
   9   2          i = 2;
  10   2          j = 199;
  11   2          do
  12   2          {
  13   3            while (--j);
  14   3          } while (--i);
  15   2        }
  16   1      }
  17          void main()
  18          {
  19   1        P2=~0x01;
  20   1        while(1)
  21   1        {
  22   2          if(P3_1==0)
  23   2          {
  24   3            Delay(20);
  25   3            while(P3_1==0);
  26   3            Delay(20);
  27   3            
  28   3            LEDNum++;
  29   3            if(LEDNum>=8)
  30   3              LEDNum=0;
  31   3            P2=~(0x01<<LEDNum);
  32   3          }
  33   2          if(P3_0==0)
  34   2          {
  35   3            Delay(20);
  36   3            while(P3_0==0);
  37   3            Delay(20);
  38   3            if(LEDNum==0)
  39   3              LEDNum=7;
  40   3            else
  41   3              LEDNum--;
  42   3            P2=~(0x01<<LEDNum);
  43   3          }
  44   2        }
  45   1      }


MODULE INFORMATION:   STATIC OVERLAYABLE
   CODE SIZE        =    109    ----
   CONSTANT SIZE    =   ----    ----
   XDATA SIZE       =   ----    ----
   PDATA SIZE       =   ----    ----
   DATA SIZE        =      1    ----
   IDATA SIZE       =   ----    ----
C51 COMPILER V9.54   MAIIN                                                                 12/17/2021 22:36:14 PAGE 2   

   BIT SIZE         =   ----    ----
END OF MODULE INFORMATION.


C51 COMPILATION COMPLETE.  0 WARNING(S),  0 ERROR(S)
